<?xml version="1.0" encoding="UTF-8"?>
<!-- Generated by org.testng.reporters.JUnitReportReporter -->
<testsuite name="com.stonerisehealthcare.testcases.ContactAndConnectLinksTest" tests="4" time="83.637" ignored="0" failures="0" timestamp="21 Apr 2020 03:45:56 GMT" skipped="2" hostname="ajay-PC" errors="0">
  <testcase name="otherserviceslinks" time="0.079" classname="com.stonerisehealthcare.testcases.ContactAndConnectLinksTest">
    <skipped/>
  </testcase> <!-- otherserviceslinks -->
  <testcase name="otherserviceslinks" time="44.371" classname="com.stonerisehealthcare.testcases.ContactAndConnectLinksTest"/>
  <testcase name="otherserviceslinks" time="1.315" classname="com.stonerisehealthcare.testcases.ContactAndConnectLinksTest">
    <skipped/>
  </testcase> <!-- otherserviceslinks -->
  <testcase name="otherserviceslinks" time="37.872" classname="com.stonerisehealthcare.testcases.ContactAndConnectLinksTest"/>
</testsuite> <!-- com.stonerisehealthcare.testcases.ContactAndConnectLinksTest -->
