<?xml version="1.0" encoding="UTF-8"?>
<!-- Generated by org.testng.reporters.JUnitReportReporter -->
<testsuite name="com.stonerisehealthcare.testcases.CoronaUpdateAndTelevisitLinkTest" tests="4" time="67.306" ignored="0" failures="0" timestamp="21 Apr 2020 04:35:15 GMT" skipped="2" hostname="ajay-PC" errors="0">
  <testcase name="coronatelevisitlink" time="2.122" classname="com.stonerisehealthcare.testcases.CoronaUpdateAndTelevisitLinkTest">
    <skipped/>
  </testcase> <!-- coronatelevisitlink -->
  <testcase name="coronatelevisitlink" time="33.683" classname="com.stonerisehealthcare.testcases.CoronaUpdateAndTelevisitLinkTest"/>
  <testcase name="coronatelevisitlink" time="0.053" classname="com.stonerisehealthcare.testcases.CoronaUpdateAndTelevisitLinkTest">
    <skipped/>
  </testcase> <!-- coronatelevisitlink -->
  <testcase name="coronatelevisitlink" time="31.448" classname="com.stonerisehealthcare.testcases.CoronaUpdateAndTelevisitLinkTest"/>
</testsuite> <!-- com.stonerisehealthcare.testcases.CoronaUpdateAndTelevisitLinkTest -->
