<?xml version="1.0" encoding="UTF-8"?>
<!-- Generated by org.testng.reporters.JUnitReportReporter -->
<testsuite name="com.stonerisehealthcare.testcases.Contact" tests="4" time="35.252" ignored="0" failures="0" timestamp="21 Apr 2020 04:35:15 GMT" skipped="2" hostname="ajay-PC" errors="0">
  <testcase name="otherserviceslinks" time="20.805" classname="com.stonerisehealthcare.testcases.Contact"/>
  <testcase name="otherserviceslinks" time="13.419" classname="com.stonerisehealthcare.testcases.Contact"/>
  <testcase name="otherserviceslinks" time="0.067" classname="com.stonerisehealthcare.testcases.Contact">
    <skipped/>
  </testcase> <!-- otherserviceslinks -->
  <testcase name="otherserviceslinks" time="0.961" classname="com.stonerisehealthcare.testcases.Contact">
    <skipped/>
  </testcase> <!-- otherserviceslinks -->
</testsuite> <!-- com.stonerisehealthcare.testcases.Contact -->
