<?xml version="1.0" encoding="UTF-8"?>
<!-- Generated by org.testng.reporters.JUnitReportReporter -->
<testsuite name="com.stonerisehealthcare.testcases.Resources" tests="4" time="286.114" ignored="0" failures="0" timestamp="21 Apr 2020 04:35:15 GMT" skipped="2" hostname="ajay-PC" errors="0">
  <testcase name="otherserviceslinks" time="82.422" classname="com.stonerisehealthcare.testcases.Resources"/>
  <testcase name="otherserviceslinks" time="0.048" classname="com.stonerisehealthcare.testcases.Resources">
    <skipped/>
  </testcase> <!-- otherserviceslinks -->
  <testcase name="otherserviceslinks" time="2.376" classname="com.stonerisehealthcare.testcases.Resources">
    <skipped/>
  </testcase> <!-- otherserviceslinks -->
  <testcase name="otherserviceslinks" time="201.268" classname="com.stonerisehealthcare.testcases.Resources"/>
</testsuite> <!-- com.stonerisehealthcare.testcases.Resources -->
