<?xml version="1.0" encoding="UTF-8"?>
<!-- Generated by org.testng.reporters.JUnitReportReporter -->
<testsuite name="com.stonerisehealthcare.testcases.SkilledNursingCentersLinksTest" tests="4" time="346.036" ignored="0" failures="0" timestamp="21 Apr 2020 04:35:15 GMT" skipped="2" hostname="ajay-PC" errors="0">
  <testcase name="nursingcentreslinks" time="0.055" classname="com.stonerisehealthcare.testcases.SkilledNursingCentersLinksTest">
    <skipped/>
  </testcase> <!-- nursingcentreslinks -->
  <testcase name="nursingcentreslinks" time="175.339" classname="com.stonerisehealthcare.testcases.SkilledNursingCentersLinksTest"/>
  <testcase name="nursingcentreslinks" time="1.920" classname="com.stonerisehealthcare.testcases.SkilledNursingCentersLinksTest">
    <skipped/>
  </testcase> <!-- nursingcentreslinks -->
  <testcase name="nursingcentreslinks" time="168.722" classname="com.stonerisehealthcare.testcases.SkilledNursingCentersLinksTest"/>
</testsuite> <!-- com.stonerisehealthcare.testcases.SkilledNursingCentersLinksTest -->
