<?xml version="1.0" encoding="UTF-8"?>
<!-- Generated by org.testng.reporters.JUnitReportReporter -->
<testsuite name="com.stonerisehealthcare.testcases.OtherServicesLinksTest" tests="4" time="92.456" ignored="0" failures="0" timestamp="21 Apr 2020 04:35:15 GMT" skipped="2" hostname="ajay-PC" errors="0">
  <testcase name="otherserviceslinks" time="47.839" classname="com.stonerisehealthcare.testcases.OtherServicesLinksTest"/>
  <testcase name="otherserviceslinks" time="0.045" classname="com.stonerisehealthcare.testcases.OtherServicesLinksTest">
    <skipped/>
  </testcase> <!-- otherserviceslinks -->
  <testcase name="otherserviceslinks" time="1.480" classname="com.stonerisehealthcare.testcases.OtherServicesLinksTest">
    <skipped/>
  </testcase> <!-- otherserviceslinks -->
  <testcase name="otherserviceslinks" time="43.092" classname="com.stonerisehealthcare.testcases.OtherServicesLinksTest"/>
</testsuite> <!-- com.stonerisehealthcare.testcases.OtherServicesLinksTest -->
