<?xml version="1.0" encoding="UTF-8"?>
<!-- Generated by org.testng.reporters.JUnitReportReporter -->
<testsuite name="com.stonerisehealthcare.testcases.Careers" tests="4" time="47.413" ignored="0" failures="0" timestamp="21 Apr 2020 04:35:15 GMT" skipped="2" hostname="ajay-PC" errors="0">
  <testcase name="careerslink" time="1.425" classname="com.stonerisehealthcare.testcases.Careers">
    <skipped/>
  </testcase> <!-- careerslink -->
  <testcase name="careerslink" time="24.935" classname="com.stonerisehealthcare.testcases.Careers"/>
  <testcase name="careerslink" time="0.066" classname="com.stonerisehealthcare.testcases.Careers">
    <skipped/>
  </testcase> <!-- careerslink -->
  <testcase name="careerslink" time="20.987" classname="com.stonerisehealthcare.testcases.Careers"/>
</testsuite> <!-- com.stonerisehealthcare.testcases.Careers -->
